Build started 2012-01-12 20:19:37.
     1>Project "D:\Labirynt\Labirynt\Labirynt\Labirynt.vcxproj" on node 2 (build target(s)).
     1>InitializeBuildStatus:
         Creating "Debug\Labirynt.unsuccessfulbuild" because "AlwaysCreate" was specified.
       ClCompile:
         All outputs are up-to-date.
         d:\Microsoft Visual Studio 10.0\VC\bin\CL.exe /c /ZI /nologo /W3 /WX- /Od /Oy- /D WIN32 /D _DEBUG /D _CONSOLE /D _UNICODE /D UNICODE /Gm /EHsc /RTC1 /MDd /GS /fp:precise /Zc:wchar_t /Zc:forScope /Yu"StdAfx.h" /Fp"Debug\Labirynt.pch" /Fo"Debug\\" /Fd"Debug\vc100.pdb" /Gd /TP /analyze- /errorReport:prompt Labirynt.cpp
         Labirynt.cpp
     1>d:\labirynt\labirynt\labirynt\labirynt.cpp(87): warning C4996: 'strncpy': This function or variable may be unsafe. Consider using strncpy_s instead. To disable deprecation, use _CRT_SECURE_NO_WARNINGS. See online help for details.
                 d:\microsoft visual studio 10.0\vc\include\string.h(188) : see declaration of 'strncpy'
     1>d:\labirynt\labirynt\labirynt\labirynt.cpp(224): warning C4018: '<=' : signed/unsigned mismatch
     1>d:\labirynt\labirynt\labirynt\labirynt.cpp(248): warning C4018: '<=' : signed/unsigned mismatch
     1>d:\labirynt\labirynt\labirynt\labirynt.cpp(51): warning C4715: 'GetCell' : not all control paths return a value
       ManifestResourceCompile:
         All outputs are up-to-date.
       Link:
         d:\Microsoft Visual Studio 10.0\VC\bin\link.exe /ERRORREPORT:PROMPT /OUT:"D:\Labirynt\Labirynt\Debug\Labirynt.exe" /INCREMENTAL /NOLOGO kernel32.lib user32.lib gdi32.lib winspool.lib comdlg32.lib advapi32.lib shell32.lib ole32.lib oleaut32.lib uuid.lib odbc32.lib odbccp32.lib /MANIFEST /ManifestFile:"Debug\Labirynt.exe.intermediate.manifest" /MANIFESTUAC:"level='asInvoker' uiAccess='false'" /DEBUG /PDB:"D:\Labirynt\Labirynt\Debug\Labirynt.pdb" /SUBSYSTEM:CONSOLE /TLBID:1 /DYNAMICBASE /NXCOMPAT /IMPLIB:"D:\Labirynt\Labirynt\Debug\Labirynt.lib" /MACHINE:X86 Debug\Labirynt.exe.embed.manifest.res
         Debug\Labirynt.obj
         Debug\stdafx.obj
       Manifest:
         C:\Program Files (x86)\Microsoft SDKs\Windows\v7.0A\bin\mt.exe /nologo /verbose /out:"Debug\Labirynt.exe.embed.manifest" /manifest Debug\Labirynt.exe.intermediate.manifest
         All outputs are up-to-date.
       LinkEmbedManifest:
         All outputs are up-to-date.
         Labirynt.vcxproj -> D:\Labirynt\Labirynt\Debug\Labirynt.exe
       FinalizeBuildStatus:
         Deleting file "Debug\Labirynt.unsuccessfulbuild".
         Touching "Debug\Labirynt.lastbuildstate".
     1>Done Building Project "D:\Labirynt\Labirynt\Labirynt\Labirynt.vcxproj" (build target(s)).

Build succeeded.

Time Elapsed 00:00:03.54
